<?xml version="1.0" encoding="UTF-8"?>
<!-- Generated by org.testng.reporters.JUnitXMLReporter -->
<testsuite ignored="1" hostname="Rocky" failures="0" tests="1" name="Functional Test" time="24.057" errors="0" timestamp="2023-06-24T06:50:53 IST">
  <testcase classname="com.qalegendbilling.testscript.HomeTest" name="tc_004_verifySignoutPage" time="7.738"/>
  <testcase classname="com.qalegendbilling.testscript.HomeTest" name="tc_005_verifyUserManagementSubTabsAreDisplayed" time="0.0">
    <ignored/>
  </testcase> <!-- tc_005_verifyUserManagementSubTabsAreDisplayed -->
</testsuite> <!-- Functional Test -->
