<?xml version="1.0" encoding="UTF-8"?>
<!-- Generated by org.testng.reporters.JUnitXMLReporter -->
<testsuite ignored="4" hostname="Rocky" failures="0" tests="3" name="Firefox Test" time="48.851" errors="0" timestamp="2023-06-22T22:19:25 IST">
  <testcase classname="com.qalegendbilling.testscript.LoginTest" name="tc_001_verifyvalidLogin" time="4.017"/>
  <testcase classname="com.qalegendbilling.testscript.HomeTest" name="tc_004_verifySignoutPage" time="4.789"/>
  <testcase classname="com.qalegendbilling.testscript.ResetTest" name="tc_003_verifyForgotPassword" time="2.019"/>
  <testcase classname="com.qalegendbilling.automationcore.Base" name="@BeforeSuite setExtent" time="0.0">
    <ignored/>
  </testcase> <!-- @BeforeSuite setExtent -->
  <testcase classname="com.qalegendbilling.testscript.HomeTest" name="tc_005_verifyUserManagementPageIsDisplayed" time="0.0">
    <ignored/>
  </testcase> <!-- tc_005_verifyUserManagementPageIsDisplayed -->
  <testcase classname="com.qalegendbilling.automationcore.Base" name="@BeforeSuite setExtent" time="0.0">
    <ignored/>
  </testcase> <!-- @BeforeSuite setExtent -->
  <testcase classname="com.qalegendbilling.testscript.LoginTest" name="tc_002_verifyInvalidLoginErrorMessage" time="0.0">
    <ignored/>
  </testcase> <!-- tc_002_verifyInvalidLoginErrorMessage -->
</testsuite> <!-- Firefox Test -->
