<?xml version="1.0" encoding="UTF-8"?>
<!-- Generated by org.testng.reporters.JUnitXMLReporter -->
<testsuite ignored="4" hostname="Rocky" failures="0" tests="3" name="Functional Test" time="67.191" errors="0" timestamp="2023-06-22T22:18:36 IST">
  <testcase classname="com.qalegendbilling.testscript.LoginTest" name="tc_001_verifyvalidLogin" time="7.765"/>
  <testcase classname="com.qalegendbilling.testscript.HomeTest" name="tc_004_verifySignoutPage" time="5.184"/>
  <testcase classname="com.qalegendbilling.testscript.ResetTest" name="tc_003_verifyForgotPassword" time="2.056"/>
  <testcase classname="com.qalegendbilling.testscript.LoginTest" name="tc_002_verifyInvalidLoginErrorMessage" time="0.0">
    <ignored/>
  </testcase> <!-- tc_002_verifyInvalidLoginErrorMessage -->
  <testcase classname="com.qalegendbilling.automationcore.Base" name="@BeforeSuite setExtent" time="0.0">
    <ignored/>
  </testcase> <!-- @BeforeSuite setExtent -->
  <testcase classname="com.qalegendbilling.automationcore.Base" name="@BeforeSuite setExtent" time="0.0">
    <ignored/>
  </testcase> <!-- @BeforeSuite setExtent -->
  <testcase classname="com.qalegendbilling.testscript.HomeTest" name="tc_005_verifyUserManagementPageIsDisplayed" time="0.0">
    <ignored/>
  </testcase> <!-- tc_005_verifyUserManagementPageIsDisplayed -->
</testsuite> <!-- Functional Test -->
