<?xml version="1.0" encoding="UTF-8"?>
<!-- Generated by org.testng.reporters.JUnitXMLReporter -->
<testsuite ignored="2" hostname="Rocky" failures="0" tests="2" name="parameter testing- grouping" time="41.068" errors="0" timestamp="2023-06-23T13:06:46 IST">
  <testcase classname="com.qalegendbilling.testscript.HomeTest" name="tc_004_verifySignoutPage" time="6.378"/>
  <testcase classname="com.qalegendbilling.testscript.LoginTest" name="tc_001_verifyvalidLogin" time="4.623"/>
  <testcase classname="com.qalegendbilling.testscript.HomeTest" name="tc_005_verifyUserManagementSubTabsAreDisplayed" time="0.0">
    <ignored/>
  </testcase> <!-- tc_005_verifyUserManagementSubTabsAreDisplayed -->
  <testcase classname="com.qalegendbilling.testscript.LoginTest" name="tc_002_verifyInvalidLoginErrorMessage" time="0.0">
    <ignored/>
  </testcase> <!-- tc_002_verifyInvalidLoginErrorMessage -->
</testsuite> <!-- parameter testing- grouping -->
