<?xml version="1.0" encoding="UTF-8"?>
<!-- Generated by org.testng.reporters.JUnitXMLReporter -->
<testsuite ignored="1" hostname="Rocky" failures="0" tests="1" name="Functional Test" time="18.368" errors="0" timestamp="2023-06-23T13:13:57 IST">
  <testcase classname="com.qalegendbilling.testscript.LoginTest" name="tc_001_verifyvalidLogin" time="4.254"/>
  <testcase classname="com.qalegendbilling.testscript.LoginTest" name="tc_002_verifyInvalidLoginErrorMessage" time="0.0">
    <ignored/>
  </testcase> <!-- tc_002_verifyInvalidLoginErrorMessage -->
</testsuite> <!-- Functional Test -->
