<?xml version="1.0" encoding="UTF-8"?>
<testsuite xmlns:xsi="http://www.w3.org/2001/XMLSchema-instance" xsi:noNamespaceSchemaLocation="https://maven.apache.org/surefire/maven-surefire-plugin/xsd/surefire-test-report-3.0.xsd" version="3.0" name="TestSuite" time="17.772" tests="1" errors="0" skipped="0" failures="0">
  <properties>
[...]
</properties>
  <testcase name="tc_004_verifySignoutPage" classname="com.qalegendbilling.testscript.HomeTest" time="5.264">
    <system-out><![CDATA[Directory already exists: C:\Users\Rakesh Mohan\eclipse-workspace\Automation\qalegendbilling\TestReport
ExtentReport Path for WINDOWS: C:\Users\Rakesh Mohan\eclipse-workspace\Automation\qalegendbilling\TestReport

Directory already exists: C:\Users\Rakesh Mohan\eclipse-workspace\Automation\qalegendbilling\TestReport
ExtentReport Path for WINDOWS: C:\Users\Rakesh Mohan\eclipse-workspace\Automation\qalegendbilling\TestReport

Extent Reports Version 3 Test Suite started!
tc_004_verifySignoutPage started!
tc_004_verifySignoutPage passed!
]]></system-out>
    <system-err><![CDATA[SLF4J: Failed to load class "org.slf4j.impl.StaticLoggerBinder".
SLF4J: Defaulting to no-operation (NOP) logger implementation
SLF4J: See http://www.slf4j.org/codes.html#StaticLoggerBinder for further details.
ERROR StatusLogger Log4j2 could not find a logging implementation. Please add log4j-core to the classpath. Using SimpleLogger to log to the console...
Starting ChromeDriver 114.0.5735.90 (386bc09e8f4f2e025eddae123f36f6263096ae49-refs/branch-heads/5735@{#1052}) on port 14499
Only local connections are allowed.
Please see https://chromedriver.chromium.org/security-considerations for suggestions on keeping ChromeDriver safe.
ChromeDriver was started successfully.
Jun 24, 2023 6:59:14 AM org.openqa.selenium.devtools.CdpVersionFinder findNearestMatch
WARNING: Unable to find CDP implementation matching 114
Jun 24, 2023 6:59:14 AM org.openqa.selenium.chromium.ChromiumDriver lambda$new$3
WARNING: Unable to find version of CDP to use for . You may need to include a dependency on a specific version of the CDP using something similar to `org.seleniumhq.selenium:selenium-devtools-v86:4.7.2` where the version ("v86") matches the version of the chromium-based browser you're using and the version number of the artifact is the same as Selenium's.
]]></system-err>
  </testcase>
</testsuite>