<?xml version="1.0" encoding="UTF-8"?>
<testng-results ignored="1" total="2" passed="1" failed="0" skipped="0">
  <reporter-output>
  </reporter-output>
  <suite started-at="2023-06-24T06:59:10 IST" name="jenkins suite" finished-at="2023-06-24T06:59:27 IST" duration-ms="16729">
    <groups>
      <group name="Smoke">
        <method signature="HomeTest.tc_004_verifySignoutPage()[pri:2, instance:com.qalegendbilling.testscript.HomeTest@865dd6]" name="tc_004_verifySignoutPage" class="com.qalegendbilling.testscript.HomeTest"/>
      </group> <!-- Smoke -->
    </groups>
    <test started-at="2023-06-24T06:59:10 IST" name="Functional Test" finished-at="2023-06-24T06:59:27 IST" duration-ms="16729">
      <class name="com.qalegendbilling.testscript.HomeTest">
        <test-method is-config="true" signature="setExtent(org.testng.ITestContext)[pri:0, instance:com.qalegendbilling.testscript.HomeTest@865dd6]" started-at="2023-06-24T06:59:10 IST" name="setExtent" finished-at="2023-06-24T06:59:10 IST" duration-ms="18" status="PASS">
          <params>
            <param index="0">
              <value>
                <![CDATA[org.testng.TestRunner@798256c5]]>
              </value>
            </param>
          </params>
          <reporter-output>
          </reporter-output>
        </test-method> <!-- setExtent -->
        <test-method is-config="true" signature="setUP(java.lang.String)[pri:0, instance:com.qalegendbilling.testscript.HomeTest@865dd6]" started-at="2023-06-24T06:59:10 IST" name="setUP" finished-at="2023-06-24T06:59:22 IST" duration-ms="11408" status="PASS">
          <params>
            <param index="0">
              <value>
                <![CDATA[chrome]]>
              </value>
            </param>
          </params>
          <reporter-output>
          </reporter-output>
        </test-method> <!-- setUP -->
        <test-method signature="tc_004_verifySignoutPage()[pri:2, instance:com.qalegendbilling.testscript.HomeTest@865dd6]" started-at="2023-06-24T06:59:22 IST" name="tc_004_verifySignoutPage" description="verify Signout Page" finished-at="2023-06-24T06:59:27 IST" duration-ms="5279" status="PASS">
          <reporter-output>
          </reporter-output>
        </test-method> <!-- tc_004_verifySignoutPage -->
        <test-method is-config="true" signature="tearDown(org.testng.ITestResult)[pri:0, instance:com.qalegendbilling.testscript.HomeTest@865dd6]" started-at="2023-06-24T06:59:27 IST" name="tearDown" finished-at="2023-06-24T06:59:27 IST" duration-ms="2" status="PASS">
          <params>
            <param index="0">
              <value>
                <![CDATA[[TestResult name=tc_004_verifySignoutPage status=SUCCESS method=HomeTest.tc_004_verifySignoutPage()[pri:2, instance:com.qalegendbilling.testscript.HomeTest@865dd6] output={null}]]]>
              </value>
            </param>
          </params>
          <reporter-output>
          </reporter-output>
        </test-method> <!-- tearDown -->
      </class> <!-- com.qalegendbilling.testscript.HomeTest -->
    </test> <!-- Functional Test -->
  </suite> <!-- jenkins suite -->
</testng-results>
