<?xml version="1.0" encoding="UTF-8"?>
<testng-results ignored="0" total="1" passed="1" failed="0" skipped="0">
  <reporter-output>
  </reporter-output>
  <suite started-at="2023-06-24T11:15:04 IST" name="Default suite" finished-at="2023-06-24T11:15:34 IST" duration-ms="30022">
    <groups>
    </groups>
    <test started-at="2023-06-24T11:15:04 IST" name="Default test" finished-at="2023-06-24T11:15:34 IST" duration-ms="30022">
      <class name="com.qalegendbilling.testscript.AddUserTest">
        <test-method is-config="true" signature="setExtent(org.testng.ITestContext)[pri:0, instance:com.qalegendbilling.testscript.AddUserTest@1787bc24]" started-at="2023-06-24T11:15:04 IST" name="setExtent" finished-at="2023-06-24T11:15:04 IST" duration-ms="33" status="PASS">
          <params>
            <param index="0">
              <value>
                <![CDATA[org.testng.TestRunner@3bf4644c]]>
              </value>
            </param>
          </params>
          <reporter-output>
          </reporter-output>
        </test-method> <!-- setExtent -->
        <test-method is-config="true" signature="setUP()[pri:0, instance:com.qalegendbilling.testscript.AddUserTest@1787bc24]" started-at="2023-06-24T11:15:04 IST" name="setUP" finished-at="2023-06-24T11:15:20 IST" duration-ms="16227" status="PASS">
          <reporter-output>
          </reporter-output>
        </test-method> <!-- setUP -->
        <test-method signature="tc_006_verifyUsersPage()[pri:0, instance:com.qalegendbilling.testscript.AddUserTest@1787bc24]" started-at="2023-06-24T11:15:20 IST" name="tc_006_verifyUsersPage" finished-at="2023-06-24T11:15:34 IST" duration-ms="13731" status="PASS">
          <reporter-output>
          </reporter-output>
        </test-method> <!-- tc_006_verifyUsersPage -->
        <test-method is-config="true" signature="tearDown(org.testng.ITestResult)[pri:0, instance:com.qalegendbilling.testscript.AddUserTest@1787bc24]" started-at="2023-06-24T11:15:34 IST" name="tearDown" finished-at="2023-06-24T11:15:34 IST" duration-ms="0" status="PASS">
          <params>
            <param index="0">
              <value>
                <![CDATA[[TestResult name=tc_006_verifyUsersPage status=SUCCESS method=AddUserTest.tc_006_verifyUsersPage()[pri:0, instance:com.qalegendbilling.testscript.AddUserTest@1787bc24] output={null}]]]>
              </value>
            </param>
          </params>
          <reporter-output>
          </reporter-output>
        </test-method> <!-- tearDown -->
      </class> <!-- com.qalegendbilling.testscript.AddUserTest -->
    </test> <!-- Default test -->
  </suite> <!-- Default suite -->
</testng-results>
